Started GET "/" for ::1 at 2020-01-15 19:27:13 +0100
Processing by Rails::WelcomeController#index as HTML
  Rendering /Users/jaynephillips/.rbenv/versions/2.4.1/lib/ruby/gems/2.4.0/gems/railties-5.1.7/lib/rails/templates/rails/welcome/index.html.erb
  Rendered /Users/jaynephillips/.rbenv/versions/2.4.1/lib/ruby/gems/2.4.0/gems/railties-5.1.7/lib/rails/templates/rails/welcome/index.html.erb (4.6ms)
Completed 200 OK in 386ms (Views: 16.4ms)


Started GET "/" for ::1 at 2020-01-17 00:26:40 +0100
Processing by Rails::WelcomeController#index as HTML
  Rendering /Users/jaynephillips/.rbenv/versions/2.4.1/lib/ruby/gems/2.4.0/gems/railties-5.1.7/lib/rails/templates/rails/welcome/index.html.erb
  Rendered /Users/jaynephillips/.rbenv/versions/2.4.1/lib/ruby/gems/2.4.0/gems/railties-5.1.7/lib/rails/templates/rails/welcome/index.html.erb (4.6ms)
Completed 200 OK in 365ms (Views: 17.1ms)


Started GET "/" for ::1 at 2020-01-17 00:27:47 +0100
Processing by Rails::WelcomeController#index as HTML
  Rendering /Users/jaynephillips/.rbenv/versions/2.4.1/lib/ruby/gems/2.4.0/gems/railties-5.1.7/lib/rails/templates/rails/welcome/index.html.erb
  Rendered /Users/jaynephillips/.rbenv/versions/2.4.1/lib/ruby/gems/2.4.0/gems/railties-5.1.7/lib/rails/templates/rails/welcome/index.html.erb (5.1ms)
Completed 200 OK in 406ms (Views: 18.7ms)


Started GET "/" for ::1 at 2020-01-17 00:29:00 +0100
Processing by Rails::WelcomeController#index as HTML
  Rendering /Users/jaynephillips/.rbenv/versions/2.4.1/lib/ruby/gems/2.4.0/gems/railties-5.1.7/lib/rails/templates/rails/welcome/index.html.erb
  Rendered /Users/jaynephillips/.rbenv/versions/2.4.1/lib/ruby/gems/2.4.0/gems/railties-5.1.7/lib/rails/templates/rails/welcome/index.html.erb (5.9ms)
Completed 200 OK in 24ms (Views: 15.2ms)


Started GET "/" for ::1 at 2020-01-17 00:29:22 +0100
Processing by Rails::WelcomeController#index as HTML
  Rendering /Users/jaynephillips/.rbenv/versions/2.4.1/lib/ruby/gems/2.4.0/gems/railties-5.1.7/lib/rails/templates/rails/welcome/index.html.erb
  Rendered /Users/jaynephillips/.rbenv/versions/2.4.1/lib/ruby/gems/2.4.0/gems/railties-5.1.7/lib/rails/templates/rails/welcome/index.html.erb (2.6ms)
Completed 200 OK in 15ms (Views: 8.6ms)


Started GET "/say/hello" for ::1 at 2020-01-17 22:04:38 +0100
Processing by SayController#hello as HTML
  Rendering say/hello.html.erb within layouts/application
  Rendered say/hello.html.erb within layouts/application (4.0ms)
Completed 200 OK in 1593ms (Views: 1163.1ms)


Started GET "/say/hello" for ::1 at 2020-01-17 22:06:32 +0100
Processing by SayController#hello as HTML
  Rendering say/hello.html.erb within layouts/application
  Rendered say/hello.html.erb within layouts/application (0.6ms)
Completed 200 OK in 55ms (Views: 50.4ms)


Started GET "/say/hello" for ::1 at 2020-01-17 22:09:14 +0100
Processing by SayController#hello as HTML
  Rendering say/hello.html.erb within layouts/application
  Rendered say/hello.html.erb within layouts/application (0.5ms)
Completed 200 OK in 27ms (Views: 24.2ms)


Started GET "/say/hello" for ::1 at 2020-01-17 22:11:35 +0100
Processing by SayController#hello as HTML
  Rendering say/hello.html.erb within layouts/application
  Rendered say/hello.html.erb within layouts/application (0.6ms)
Completed 200 OK in 45ms (Views: 42.7ms)


Started GET "/say/goodbye" for ::1 at 2020-01-17 22:17:12 +0100
Processing by SayController#goodbye as HTML
  Rendering say/goodbye.html.erb within layouts/application
  Rendered say/goodbye.html.erb within layouts/application (0.5ms)
Completed 200 OK in 55ms (Views: 49.0ms)


Started GET "/say/goodbye" for ::1 at 2020-01-17 22:29:27 +0100
Processing by SayController#goodbye as HTML
  Rendering say/goodbye.html.erb within layouts/application
  Rendered say/goodbye.html.erb within layouts/application (0.5ms)
Completed 200 OK in 36ms (Views: 32.3ms)


Started GET "/say/hello" for ::1 at 2020-01-17 22:29:28 +0100
Processing by SayController#hello as HTML
  Rendering say/hello.html.erb within layouts/application
  Rendered say/hello.html.erb within layouts/application (0.8ms)
Completed 200 OK in 58ms (Views: 52.3ms)


Started GET "/say/goodbye" for ::1 at 2020-01-17 22:29:29 +0100
Processing by SayController#goodbye as HTML
  Rendering say/goodbye.html.erb within layouts/application
  Rendered say/goodbye.html.erb within layouts/application (0.7ms)
Completed 200 OK in 91ms (Views: 87.3ms)


Started GET "/say/goodbye" for ::1 at 2020-01-17 22:31:33 +0100
Processing by SayController#goodbye as HTML
  Rendering say/goodbye.html.erb within layouts/application
  Rendered say/goodbye.html.erb within layouts/application (0.5ms)
Completed 200 OK in 57ms (Views: 51.8ms)


Started GET "/say/hello" for ::1 at 2020-01-17 22:31:34 +0100
Processing by SayController#hello as HTML
  Rendering say/hello.html.erb within layouts/application
  Rendered say/hello.html.erb within layouts/application (4.1ms)
Completed 200 OK in 67ms (Views: 59.6ms)


Started GET "/say/goodbye" for ::1 at 2020-01-17 22:31:36 +0100
Processing by SayController#goodbye as HTML
  Rendering say/goodbye.html.erb within layouts/application
  Rendered say/goodbye.html.erb within layouts/application (1.2ms)
Completed 200 OK in 69ms (Views: 63.4ms)


Started GET "/say/goodbye" for ::1 at 2020-01-17 22:33:48 +0100
Processing by SayController#goodbye as HTML
  Rendering say/goodbye.html.erb within layouts/application
  Rendered say/goodbye.html.erb within layouts/application (0.8ms)
Completed 200 OK in 33ms (Views: 29.2ms)


Started GET "/say/hello" for ::1 at 2020-01-17 22:33:49 +0100
Processing by SayController#hello as HTML
  Rendering say/hello.html.erb within layouts/application
  Rendered say/hello.html.erb within layouts/application (1.1ms)
Completed 200 OK in 58ms (Views: 45.3ms)


Started GET "/say/goodbye" for ::1 at 2020-01-17 22:33:50 +0100
Processing by SayController#goodbye as HTML
  Rendering say/goodbye.html.erb within layouts/application
  Rendered say/goodbye.html.erb within layouts/application (0.9ms)
Completed 200 OK in 59ms (Views: 53.1ms)


Started GET "/say/goodbye" for ::1 at 2020-01-17 22:36:00 +0100
Processing by SayController#goodbye as HTML
  Rendering say/goodbye.html.erb within layouts/application
  Rendered say/goodbye.html.erb within layouts/application (1.1ms)
Completed 200 OK in 50ms (Views: 45.6ms)


Started GET "/say/hello" for ::1 at 2020-01-17 22:36:02 +0100
Processing by SayController#hello as HTML
Completed 500 Internal Server Error in 13ms


  
NoMethodError (undefined method `know' for Time:Class
Did you mean?  now):
  
app/controllers/say_controller.rb:3:in `hello'
Started GET "/say/hello" for ::1 at 2020-01-17 22:36:10 +0100
Processing by SayController#hello as HTML
  Rendering say/hello.html.erb within layouts/application
  Rendered say/hello.html.erb within layouts/application (0.6ms)
Completed 200 OK in 27ms (Views: 22.8ms)


Started GET "/say/ullo" for ::1 at 2020-01-17 22:37:15 +0100
  
ActionController::RoutingError (No route matches [GET] "/say/ullo"):
  
actionpack (5.1.7) lib/action_dispatch/middleware/debug_exceptions.rb:63:in `call'
web-console (3.7.0) lib/web_console/middleware.rb:135:in `call_app'
web-console (3.7.0) lib/web_console/middleware.rb:30:in `block in call'
web-console (3.7.0) lib/web_console/middleware.rb:20:in `catch'
web-console (3.7.0) lib/web_console/middleware.rb:20:in `call'
actionpack (5.1.7) lib/action_dispatch/middleware/show_exceptions.rb:31:in `call'
railties (5.1.7) lib/rails/rack/logger.rb:36:in `call_app'
railties (5.1.7) lib/rails/rack/logger.rb:24:in `block in call'
activesupport (5.1.7) lib/active_support/tagged_logging.rb:69:in `block in tagged'
activesupport (5.1.7) lib/active_support/tagged_logging.rb:26:in `tagged'
activesupport (5.1.7) lib/active_support/tagged_logging.rb:69:in `tagged'
railties (5.1.7) lib/rails/rack/logger.rb:24:in `call'
sprockets-rails (3.2.1) lib/sprockets/rails/quiet_assets.rb:13:in `call'
actionpack (5.1.7) lib/action_dispatch/middleware/remote_ip.rb:79:in `call'
actionpack (5.1.7) lib/action_dispatch/middleware/request_id.rb:25:in `call'
rack (2.1.1) lib/rack/method_override.rb:24:in `call'
rack (2.1.1) lib/rack/runtime.rb:24:in `call'
activesupport (5.1.7) lib/active_support/cache/strategy/local_cache_middleware.rb:27:in `call'
actionpack (5.1.7) lib/action_dispatch/middleware/executor.rb:12:in `call'
actionpack (5.1.7) lib/action_dispatch/middleware/static.rb:125:in `call'
rack (2.1.1) lib/rack/sendfile.rb:113:in `call'
railties (5.1.7) lib/rails/engine.rb:522:in `call'
puma (3.12.2) lib/puma/configuration.rb:227:in `call'
puma (3.12.2) lib/puma/server.rb:674:in `handle_request'
puma (3.12.2) lib/puma/server.rb:476:in `process_client'
puma (3.12.2) lib/puma/server.rb:334:in `block in run'
puma (3.12.2) lib/puma/thread_pool.rb:135:in `block in spawn_thread'
Started GET "/say/hello" for ::1 at 2020-01-18 15:02:31 +0100
Processing by SayController#hello as HTML
  Rendering say/hello.html.erb within layouts/application
  Rendered say/hello.html.erb within layouts/application (62.3ms)
Completed 200 OK in 511ms (Views: 450.2ms)


Started GET "/say/ello" for ::1 at 2020-01-18 15:02:42 +0100
  
ActionController::RoutingError (No route matches [GET] "/say/ello"):
  
actionpack (5.1.7) lib/action_dispatch/middleware/debug_exceptions.rb:63:in `call'
web-console (3.7.0) lib/web_console/middleware.rb:135:in `call_app'
web-console (3.7.0) lib/web_console/middleware.rb:30:in `block in call'
web-console (3.7.0) lib/web_console/middleware.rb:20:in `catch'
web-console (3.7.0) lib/web_console/middleware.rb:20:in `call'
actionpack (5.1.7) lib/action_dispatch/middleware/show_exceptions.rb:31:in `call'
railties (5.1.7) lib/rails/rack/logger.rb:36:in `call_app'
railties (5.1.7) lib/rails/rack/logger.rb:24:in `block in call'
activesupport (5.1.7) lib/active_support/tagged_logging.rb:69:in `block in tagged'
activesupport (5.1.7) lib/active_support/tagged_logging.rb:26:in `tagged'
activesupport (5.1.7) lib/active_support/tagged_logging.rb:69:in `tagged'
railties (5.1.7) lib/rails/rack/logger.rb:24:in `call'
sprockets-rails (3.2.1) lib/sprockets/rails/quiet_assets.rb:13:in `call'
actionpack (5.1.7) lib/action_dispatch/middleware/remote_ip.rb:79:in `call'
actionpack (5.1.7) lib/action_dispatch/middleware/request_id.rb:25:in `call'
rack (2.1.1) lib/rack/method_override.rb:24:in `call'
rack (2.1.1) lib/rack/runtime.rb:24:in `call'
activesupport (5.1.7) lib/active_support/cache/strategy/local_cache_middleware.rb:27:in `call'
actionpack (5.1.7) lib/action_dispatch/middleware/executor.rb:12:in `call'
actionpack (5.1.7) lib/action_dispatch/middleware/static.rb:125:in `call'
rack (2.1.1) lib/rack/sendfile.rb:113:in `call'
railties (5.1.7) lib/rails/engine.rb:522:in `call'
puma (3.12.2) lib/puma/configuration.rb:227:in `call'
puma (3.12.2) lib/puma/server.rb:674:in `handle_request'
puma (3.12.2) lib/puma/server.rb:476:in `process_client'
puma (3.12.2) lib/puma/server.rb:334:in `block in run'
puma (3.12.2) lib/puma/thread_pool.rb:135:in `block in spawn_thread'
Started GET "/say/hello" for ::1 at 2020-01-18 15:08:28 +0100
Processing by SayController#hello as HTML
  Rendering say/hello.html.erb within layouts/application
  Rendered say/hello.html.erb within layouts/application (5.2ms)
Completed 200 OK in 95ms (Views: 88.8ms)


  [1m[35m (0.1ms)[0m  [1m[34mSELECT sqlite_version(*)[0m
  [1m[35m (3.0ms)[0m  [1m[35mCREATE TABLE "schema_migrations" ("version" varchar NOT NULL PRIMARY KEY)[0m
  [1m[35m (3.5ms)[0m  [1m[35mCREATE TABLE "ar_internal_metadata" ("key" varchar NOT NULL PRIMARY KEY, "value" varchar, "created_at" datetime NOT NULL, "updated_at" datetime NOT NULL)[0m
  [1m[35m (0.2ms)[0m  [1m[34mSELECT "schema_migrations"."version" FROM "schema_migrations" ORDER BY "schema_migrations"."version" ASC[0m
Migrating to CreateProducts (20200118182000)
  [1m[35m (0.1ms)[0m  [1m[36mbegin transaction[0m
  [1m[35m (0.4ms)[0m  [1m[35mCREATE TABLE "products" ("id" INTEGER PRIMARY KEY AUTOINCREMENT NOT NULL, "title" varchar, "description" text, "image_url" varchar, "price" decimal(8,2), "created_at" datetime NOT NULL, "updated_at" datetime NOT NULL)[0m
  [1m[35mSQL (0.2ms)[0m  [1m[32mINSERT INTO "schema_migrations" ("version") VALUES (?)[0m  [["version", "20200118182000"]]
  [1m[35m (2.7ms)[0m  [1m[36mcommit transaction[0m
  [1m[36mActiveRecord::InternalMetadata Load (0.2ms)[0m  [1m[34mSELECT  "ar_internal_metadata".* FROM "ar_internal_metadata" WHERE "ar_internal_metadata"."key" = ? LIMIT ?[0m  [["key", "environment"], ["LIMIT", 1]]
  [1m[35m (0.1ms)[0m  [1m[36mbegin transaction[0m
  [1m[35mSQL (0.4ms)[0m  [1m[32mINSERT INTO "ar_internal_metadata" ("key", "value", "created_at", "updated_at") VALUES (?, ?, ?, ?)[0m  [["key", "environment"], ["value", "development"], ["created_at", "2020-01-18 18:22:34.639991"], ["updated_at", "2020-01-18 18:22:34.639991"]]
  [1m[35m (2.2ms)[0m  [1m[36mcommit transaction[0m
  [1m[35m (0.1ms)[0m  [1m[34mSELECT "schema_migrations"."version" FROM "schema_migrations" ORDER BY "schema_migrations"."version" ASC[0m
